Using pre-set license
Built from '2020.3/staging' branch; Version is '2020.3.3f1 (76626098c1c4) revision 7758432'; Using compiler version '192528614'; Build Type 'Release'
OS: 'Windows 10 Home; OS build 19042.985; Version 2009; 64bit' Language: 'fr' Physical Memory: 7541 MB
BatchMode: 1, IsHumanControllingUs: 0, StartBugReporterOnCrash: 0, Is64bit: 1, IsPro: 0

 COMMAND LINE ARGUMENTS:
C:\Program Files\Unity\Hub\Editor\2020.3.3f1\Editor\Unity.exe
-adb2
-batchMode
-noUpm
-name
AssetImportWorker0
-projectPath
C:/Users/josep/Desktop/FOOT_DEMO/Tetris
-logFile
Logs/AssetImportWorker0.log
-srvPort
51328
Successfully changed project path to: C:/Users/josep/Desktop/FOOT_DEMO/Tetris
C:/Users/josep/Desktop/FOOT_DEMO/Tetris
Using Asset Import Pipeline V2.
Refreshing native plugins compatible for Editor in 38.49 ms, found 1 plugins.
Preloading 0 native plugins for Editor in 0.00 ms.
Initialize engine version: 2020.3.3f1 (76626098c1c4)
[Subsystems] Discovering subsystems at path C:/Program Files/Unity/Hub/Editor/2020.3.3f1/Editor/Data/Resources/UnitySubsystems
[Subsystems] Discovering subsystems at path C:/Users/josep/Desktop/FOOT_DEMO/Tetris/Assets
GfxDevice: creating device client; threaded=0
Direct3D:
    Version:  Direct3D 11.0 [level 11.1]
    Renderer: AMD Radeon(TM) Graphics (ID=0x1636)
    Vendor:   
    VRAM:     3770 MB
    Driver:   27.20.11044.7
Initialize mono
Mono path[0] = 'C:/Program Files/Unity/Hub/Editor/2020.3.3f1/Editor/Data/Managed'
Mono path[1] = 'C:/Program Files/Unity/Hub/Editor/2020.3.3f1/Editor/Data/MonoBleedingEdge/lib/mono/unityjit'
Mono config path = 'C:/Program Files/Unity/Hub/Editor/2020.3.3f1/Editor/Data/MonoBleedingEdge/etc'
Using monoOptions --debugger-agent=transport=dt_socket,embedding=1,server=y,suspend=n,address=127.0.0.1:56428
Begin MonoManager ReloadAssembly
Registering precompiled unity dll's ...
Register platform support module: C:/Program Files/Unity/Hub/Editor/2020.3.3f1/Editor/Data/PlaybackEngines/WebGLSupport/UnityEditor.WebGL.Extensions.dll
Register platform support module: C:/Program Files/Unity/Hub/Editor/2020.3.3f1/Editor/Data/PlaybackEngines/WindowsStandaloneSupport/UnityEditor.WindowsStandalone.Extensions.dll
Registered in 0.004567 seconds.
Native extension for WindowsStandalone target not found
Native extension for WebGL target not found
Refreshing native plugins compatible for Editor in 36.02 ms, found 1 plugins.
Preloading 0 native plugins for Editor in 0.00 ms.
Invoked RoslynAnalysisRunner static constructor.
RoslynAnalysisRunner will not be running.
RoslynAnalysisRunner has terminated.
Mono: successfully reloaded assembly
- Completed reload, in  1.105 seconds
Platform modules already initialized, skipping
Registering precompiled user dll's ...
Registered in 0.002097 seconds.
Begin MonoManager ReloadAssembly
Native extension for WindowsStandalone target not found
Native extension for WebGL target not found
Refreshing native plugins compatible for Editor in 35.68 ms, found 1 plugins.
Preloading 0 native plugins for Editor in 0.00 ms.
Invoked RoslynAnalysisRunner static constructor.
RoslynAnalysisRunner will not be running.
RoslynAnalysisRunner has terminated.
Mono: successfully reloaded assembly
- Completed reload, in  0.894 seconds
Platform modules already initialized, skipping
========================================================================
Worker process is ready to serve import requests
Launched and connected shader compiler UnityShaderCompiler.exe after 0.06 seconds
Refreshing native plugins compatible for Editor in 0.39 ms, found 1 plugins.
Preloading 0 native plugins for Editor in 0.00 ms.
Unloading 1830 Unused Serialized files (Serialized files now loaded: 0)
System memory in use before: 87.2 MB.
System memory in use after: 87.3 MB.

Unloading 19 unused Assets to reduce memory usage. Loaded Objects now: 2279.
Total: 2.783900 ms (FindLiveObjects: 0.330000 ms CreateObjectMapping: 0.114800 ms MarkObjects: 2.216400 ms  DeleteObjects: 0.120800 ms)

========================================================================
Received Import Request.
  path: Assets/Scenes
  artifactKey: Guid(e357b93d4de5aea4c8af59ecff738075) Importer(815301076,1909f56bfc062723c751e8b465ee728b)
Start importing Assets/Scenes using Guid(e357b93d4de5aea4c8af59ecff738075) Importer(815301076,1909f56bfc062723c751e8b465ee728b)  -> (artifact id: '249669fdc0de41c337c5ef351832e2a8') in 0.009570 seconds
  Import took 0.014526 seconds .

========================================================================
Received Import Request.
  Time since last request: 4.968300 seconds.
  path: Assets/test.cs
  artifactKey: Guid(9967b3b2a2b094e4d93bd73cd6955ce9) Importer(815301076,1909f56bfc062723c751e8b465ee728b)
Start importing Assets/test.cs using Guid(9967b3b2a2b094e4d93bd73cd6955ce9) Importer(815301076,1909f56bfc062723c751e8b465ee728b)  -> (artifact id: '079b2c9cc1be67d7f16121e1da2250f8') in 0.031727 seconds
  Import took 0.035707 seconds .

========================================================================
Received Prepare
Registering precompiled user dll's ...
Registered in 0.001176 seconds.
Begin MonoManager ReloadAssembly
Native extension for WindowsStandalone target not found
Native extension for WebGL target not found
Refreshing native plugins compatible for Editor in 0.55 ms, found 1 plugins.
Preloading 0 native plugins for Editor in 0.00 ms.
Invoked RoslynAnalysisRunner static constructor.
RoslynAnalysisRunner will not be running.
RoslynAnalysisRunner has terminated.
Mono: successfully reloaded assembly
- Completed reload, in  0.785 seconds
Platform modules already initialized, skipping
Refreshing native plugins compatible for Editor in 0.38 ms, found 1 plugins.
Preloading 0 native plugins for Editor in 0.00 ms.
Unloading 1808 Unused Serialized files (Serialized files now loaded: 0)
System memory in use before: 85.4 MB.
System memory in use after: 85.6 MB.

Unloading 7 unused Assets to reduce memory usage. Loaded Objects now: 2284.
Total: 2.875500 ms (FindLiveObjects: 0.288300 ms CreateObjectMapping: 0.138900 ms MarkObjects: 2.423300 ms  DeleteObjects: 0.023100 ms)

========================================================================
Received Import Request.
  Time since last request: 517.848412 seconds.
  path: Assets/test.cs
  artifactKey: Guid(9967b3b2a2b094e4d93bd73cd6955ce9) Importer(815301076,1909f56bfc062723c751e8b465ee728b)
Start importing Assets/test.cs using Guid(9967b3b2a2b094e4d93bd73cd6955ce9) Importer(815301076,1909f56bfc062723c751e8b465ee728b)  -> (artifact id: '614a62be447f80dd7cbc1e5526c97905') in 0.007547 seconds
  Import took 0.011261 seconds .

========================================================================
Received Import Request.
  Time since last request: 0.030642 seconds.
  path: Assets/test.cs
  artifactKey: Guid(9967b3b2a2b094e4d93bd73cd6955ce9) Importer(815301076,1909f56bfc062723c751e8b465ee728b)
Start importing Assets/test.cs using Guid(9967b3b2a2b094e4d93bd73cd6955ce9) Importer(815301076,1909f56bfc062723c751e8b465ee728b)  -> (artifact id: '614a62be447f80dd7cbc1e5526c97905') in 0.003153 seconds
  Import took 0.007759 seconds .

========================================================================
Received Import Request.
  Time since last request: 576.047225 seconds.
  path: Assets/test.cs
  artifactKey: Guid(9967b3b2a2b094e4d93bd73cd6955ce9) Importer(815301076,1909f56bfc062723c751e8b465ee728b)
Start importing Assets/test.cs using Guid(9967b3b2a2b094e4d93bd73cd6955ce9) Importer(815301076,1909f56bfc062723c751e8b465ee728b)  -> (artifact id: 'ec636de3b6f63a5c4a8014fbfee4f9ac') in 0.002233 seconds
  Import took 0.006224 seconds .

========================================================================
Received Import Request.
  Time since last request: 0.003653 seconds.
  path: Assets/test.cs
  artifactKey: Guid(9967b3b2a2b094e4d93bd73cd6955ce9) Importer(815301076,1909f56bfc062723c751e8b465ee728b)
Start importing Assets/test.cs using Guid(9967b3b2a2b094e4d93bd73cd6955ce9) Importer(815301076,1909f56bfc062723c751e8b465ee728b)  -> (artifact id: 'ec636de3b6f63a5c4a8014fbfee4f9ac') in 0.003031 seconds
  Import took 0.006457 seconds .

========================================================================
Received Import Request.
  Time since last request: 515.808585 seconds.
  path: Assets/test.cs
  artifactKey: Guid(9967b3b2a2b094e4d93bd73cd6955ce9) Importer(815301076,1909f56bfc062723c751e8b465ee728b)
Start importing Assets/test.cs using Guid(9967b3b2a2b094e4d93bd73cd6955ce9) Importer(815301076,1909f56bfc062723c751e8b465ee728b)  -> (artifact id: '26f20245fa4ccbb31cca9db3d2bc53bc') in 0.002825 seconds
  Import took 0.006418 seconds .

AssetImportWorkerClient::OnTransportError - code=2 error=End of file
